<?xml version="1.0" encoding="UTF-8"?>
<!-- Generated by org.testng.reporters.JUnitXMLReporter -->
<testsuite ignored="0" hostname="Jesnas-MacBook-Air.local" failures="1" tests="1" name="Edge Test" time="0.005" errors="0" timestamp="2026-02-03T09:48:15 EST">
  <testcase classname="testscript.AdminUserTest" name="verifyUsercanAddNewUser" time="0.0">
    <failure type="org.testng.TestNGException" message="
Parameter &amp;apos;username&amp;apos; is required by @Test on method verifyUsercanAddNewUser but has not been marked @Optional or defined
in /Users/jesnakanameethal/eclipse-workspace/7RmartSuperMarket/CrossBrowser.xml">
      <![CDATA[org.testng.TestNGException: 
Parameter 'username' is required by @Test on method verifyUsercanAddNewUser but has not been marked @Optional or defined
in /Users/jesnakanameethal/eclipse-workspace/7RmartSuperMarket/CrossBrowser.xml
at java.base/java.util.ArrayList.forEach(ArrayList.java:1596)
... Removed 26 stack frames]]>
    </failure>
  </testcase> <!-- verifyUsercanAddNewUser -->
</testsuite> <!-- Edge Test -->
