<?xml version="1.0" encoding="UTF-8"?>
<!-- Generated by org.testng.reporters.JUnitXMLReporter -->
<testsuite ignored="0" hostname="Jesnas-MacBook-Air.local" failures="1" tests="8" name="Test" time="31.186" errors="0" timestamp="2026-01-23T10:47:27 EST">
  <testcase classname="testscript.LoginTest" name="verifyIncorrectUsernameCorrectpassword" time="1.129"/>
  <testcase classname="testscript.LoginTest" name="verifyUserCanLogin" time="1.129"/>
  <testcase classname="testscript.LoginTest" name="verifyUserCanLoginDataProviderInputthrough" time="0.148"/>
  <testcase classname="testscript.LoginTest" name="verifyUserCanLoginDataProviderInputthrough" time="0.152"/>
  <testcase classname="testscript.LoginTest" name="verifyUserCanLoginDataProviderInputthrough" time="0.166"/>
  <testcase classname="testscript.LoginTest" name="verifyUserCanLoginDataProviderInputthrough" time="0.16"/>
  <testcase classname="testscript.LoginTest" name="verifyuserCanLoginCorrectUsernameAndInCorrectPassword" time="0.433"/>
  <testcase classname="testscript.LoginTest" name="verifyuserCanLoginIncorrectUsernameAndInCorrectPassword" time="0.0">
    <failure type="org.testng.TestNGException" message="
Method public void testscript.LoginTest.verifyuserCanLoginIncorrectUsernameAndInCorrectPassword(java.lang.String,java.lang.String) requires a @DataProvider named : credentials">
      <![CDATA[org.testng.TestNGException: 
Method public void testscript.LoginTest.verifyuserCanLoginIncorrectUsernameAndInCorrectPassword(java.lang.String,java.lang.String) requires a @DataProvider named : credentials
at java.base/java.util.ArrayList.forEach(ArrayList.java:1596)
... Removed 24 stack frames]]>
    </failure>
  </testcase> <!-- verifyuserCanLoginIncorrectUsernameAndInCorrectPassword -->
</testsuite> <!-- Test -->
