<?xml version="1.0" encoding="UTF-8"?>
<!-- Generated by org.testng.reporters.JUnitXMLReporter -->
<testsuite ignored="0" hostname="Jesnas-MacBook-Air.local" failures="1" tests="1" name="Safari Test" time="0.015" errors="0" timestamp="2026-02-03T09:54:09 EST">
  <testcase classname="testscript.AdminUserTest" name="verifyUsercanAddNewUser" time="0.0">
    <failure type="org.testng.TestNGException" message="
Parameter &amp;apos;username&amp;apos; is required by @Test on method verifyUsercanAddNewUser but has not been marked @Optional or defined
in /Users/jesnakanameethal/eclipse-workspace/7RmartSuperMarket/MultiBrowser.xml">
      <![CDATA[org.testng.TestNGException: 
Parameter 'username' is required by @Test on method verifyUsercanAddNewUser but has not been marked @Optional or defined
in /Users/jesnakanameethal/eclipse-workspace/7RmartSuperMarket/MultiBrowser.xml
at java.base/java.util.ArrayList.forEach(ArrayList.java:1596)
at java.base/java.util.concurrent.FutureTask.run(FutureTask.java:317)
at java.base/java.util.concurrent.ThreadPoolExecutor.runWorker(ThreadPoolExecutor.java:1144)
at java.base/java.util.concurrent.ThreadPoolExecutor$Worker.run(ThreadPoolExecutor.java:642)
at java.base/java.lang.Thread.run(Thread.java:1583)
... Removed 16 stack frames]]>
    </failure>
  </testcase> <!-- verifyUsercanAddNewUser -->
</testsuite> <!-- Safari Test -->
