<?xml version="1.0" encoding="UTF-8"?>
<!-- Generated by org.testng.reporters.JUnitReportReporter -->
<testsuite hostname="Jesnas-MacBook-Air.local" failures="0" tests="2" name="testscript.LoginTest" time="10.639" errors="0" timestamp="2026-02-02T10:57:39 EST" skipped="0">
  <testcase classname="testscript.LoginTest" name="verifyUserCanLogin" time="4.739"/>
  <testcase classname="testscript.LoginTest" name="verifyIncorrectUsernameCorrectpassword" time="5.900"/>
</testsuite> <!-- testscript.LoginTest -->
