<?xml version="1.0" encoding="UTF-8"?>
<!-- Generated by org.testng.reporters.JUnitReportReporter -->
<testsuite hostname="Jesnas-MacBook-Air.local" failures="0" tests="2" name="testscript.AdminUserTest" time="19.600" errors="0" timestamp="2026-02-04T10:36:45 EST" skipped="0">
  <testcase classname="testscript.AdminUserTest" name="verifyUsercanAddNewUser" time="11.306"/>
  <testcase classname="testscript.AdminUserTest" name="verifyUsercanAddNewUser" time="8.294"/>
</testsuite> <!-- testscript.AdminUserTest -->
