<?xml version="1.0" encoding="UTF-8"?>
<!-- Generated by org.testng.reporters.JUnitXMLReporter -->
<testsuite ignored="3" hostname="Jesnas-MacBook-Air.local" failures="0" tests="1" name="Test" time="2.709" errors="0" timestamp="2026-01-13T10:43:34 EST">
  <testcase classname="testscript.LoginPageTest" name="verifyUserCanLogin" time="0.134"/>
  <testcase classname="testscript.LoginPageTest" name="verifyuserCanLoginIncorrectUsernameAndInCorrectPassword" time="0.0">
    <ignored/>
  </testcase> <!-- verifyuserCanLoginIncorrectUsernameAndInCorrectPassword -->
  <testcase classname="testscript.LoginPageTest" name="verifyuserCanLoginIncorrectUsernameAndCorrectPassword" time="0.0">
    <ignored/>
  </testcase> <!-- verifyuserCanLoginIncorrectUsernameAndCorrectPassword -->
  <testcase classname="testscript.LoginPageTest" name="verifyuserCanLoginCorrectUsernameAndInCorrectPassword" time="0.0">
    <ignored/>
  </testcase> <!-- verifyuserCanLoginCorrectUsernameAndInCorrectPassword -->
</testsuite> <!-- Test -->
