<?xml version="1.0" encoding="UTF-8"?>
<!-- Generated by org.testng.reporters.JUnitXMLReporter -->
<testsuite ignored="3" hostname="Jesnas-MacBook-Air.local" failures="0" tests="2" name="Grouping" time="10.671" errors="0" timestamp="2026-02-02T10:57:39 EST">
  <testcase classname="testscript.LoginTest" name="verifyIncorrectUsernameCorrectpassword" time="0.304"/>
  <testcase classname="testscript.LoginTest" name="verifyUserCanLogin" time="1.196"/>
  <testcase classname="testscript.LoginTest" name="verifyuserCanLoginCorrectUsernameAndInCorrectPassword" time="0.0">
    <ignored/>
  </testcase> <!-- verifyuserCanLoginCorrectUsernameAndInCorrectPassword -->
  <testcase classname="testscript.LoginTest" name="verifyuserCanLoginIncorrectUsernameAndInCorrectPassword" time="0.0">
    <ignored/>
  </testcase> <!-- verifyuserCanLoginIncorrectUsernameAndInCorrectPassword -->
  <testcase classname="testscript.LoginTest" name="verifyUserCanLoginDataProviderInputthrough" time="0.0">
    <ignored/>
  </testcase> <!-- verifyUserCanLoginDataProviderInputthrough -->
</testsuite> <!-- Grouping -->
