<?xml version="1.0" encoding="UTF-8"?>
<!-- Generated by org.testng.reporters.JUnitReportReporter -->
<testsuite hostname="Jesnas-MacBook-Air.local" failures="0" tests="4" name="testannotations.FirstAnnotation" time="0.011" errors="0" timestamp="2026-01-08T11:02:17 EST" skipped="0">
  <testcase classname="testannotations.FirstAnnotation" name="ztext" time="0.002"/>
  <testcase classname="testannotations.FirstAnnotation" name="xtext" time="0.007"/>
  <testcase classname="testannotations.FirstAnnotation" name="print" time="0.001"/>
  <testcase classname="testannotations.FirstAnnotation" name="atext" time="0.001"/>
</testsuite> <!-- testannotations.FirstAnnotation -->
